<?xml version="1.0" encoding="UTF-8"?>
<!-- Generated by org.testng.reporters.JUnitReportReporter -->
<testsuite hostname="DESKTOP-LP92I5P" failures="0" tests="1" name="com.SwagLabs.TestCases.LoginPageTest" time="0.026" errors="0" timestamp="2025-08-26T14:43:04 PKT" skipped="0">
  <testcase classname="com.SwagLabs.TestCases.LoginPageTest" name="validateUrl" time="0.026"/>
  <system-out/>
</testsuite> <!-- com.SwagLabs.TestCases.LoginPageTest -->
